<?xml version="1.0" encoding="UTF-8"?>
<testsuite hostname="Zuse.local" name="test.org.osgi.test.cases.configurator" target="reference:file:/Users/aqute/Ws/apache/felix-dev/workspace/test-configurator/org.osgi.test.cases.configurator.jar" timestamp="2020-07-16T15:56:37.385" framework="org.eclipse.osgi_3.13.0.v20180409-1500 [0]" framework-version="3.13.0.v20180409-1500" tests="26" failures="0" errors="0" time="1.490">
  <properties>
    <property name="java.vendor" value="Azul Systems, Inc."/>
    <property name="sun.java.launcher" value="SUN_STANDARD"/>
    <property name="sun.management.compiler" value="HotSpot 64-Bit Tiered Compilers"/>
    <property name="os.name" value="Mac OS X"/>
    <property name="sun.boot.class.path" value="/Library/Java/JavaVirtualMachines/zulu-8.jdk/Contents/Home/jre/lib/resources.jar:/Library/Java/JavaVirtualMachines/zulu-8.jdk/Contents/Home/jre/lib/rt.jar:/Library/Java/JavaVirtualMachines/zulu-8.jdk/Contents/Home/jre/lib/sunrsasign.jar:/Library/Java/JavaVirtualMachines/zulu-8.jdk/Contents/Home/jre/lib/jsse.jar:/Library/Java/JavaVirtualMachines/zulu-8.jdk/Contents/Home/jre/lib/jce.jar:/Library/Java/JavaVirtualMachines/zulu-8.jdk/Contents/Home/jre/lib/charsets.jar:/Library/Java/JavaVirtualMachines/zulu-8.jdk/Contents/Home/jre/lib/jfr.jar:/Library/Java/JavaVirtualMachines/zulu-8.jdk/Contents/Home/jre/classes"/>
    <property name="tester.continuous" value="false"/>
    <property name="user.country.format" value="NL"/>
    <property name="report" value="true"/>
    <property name="java.vm.specification.vendor" value="Oracle Corporation"/>
    <property name="launcher.runpath" value="/Users/aqute/.m2/repository/org/slf4j/slf4j-simple/1.7.30/slf4j-simple-1.7.30.jar,/Users/aqute/.m2/repository/org/eclipse/platform/org.eclipse.osgi/3.13.0/org.eclipse.osgi-3.13.0.jar,/Users/aqute/Ws/apache/felix-dev/workspace/cnf/cache/5.2.0/bnd-cache/biz.aQute.launcher/biz.aQute.launcher-5.2.0.jar,/Users/aqute/Ws/apache/felix-dev/workspace/cnf/local/biz.aQute.junit/biz.aQute.junit-5.2.0.jar"/>
    <property name="java.runtime.version" value="1.8.0_212-b04"/>
    <property name="launch.services" value="true"/>
    <property name="launch.notificationPort" value="-1"/>
    <property name="launcher.properties" value="/Users/aqute/Ws/apache/felix-dev/workspace/test-configurator/target/launch7353276599438126822.properties"/>
    <property name="org.osgi.test.cases.configurator.bundles" value="/Users/aqute/Ws/apache/felix-dev/workspace/test-configurator/target/test-configurator.jar,/Users/aqute/.m2/repository/org/glassfish/javax.json/1.1.4/javax.json-1.1.4.jar,/Users/aqute/.m2/repository/org/apache/felix/org.apache.felix.converter/1.0.12/org.apache.felix.converter-1.0.12.jar,/Users/aqute/.m2/repository/org/apache/felix/org.apache.felix.configadmin/1.9.16/org.apache.felix.configadmin-1.9.16.jar,/Users/aqute/.m2/repository/org/apache/felix/org.apache.felix.cm.json/1.0.2/org.apache.felix.cm.json-1.0.2.jar,/Users/aqute/.m2/repository/org/osgi/org.osgi.util.function/1.1.0/org.osgi.util.function-1.1.0.jar,/Users/aqute/.m2/repository/org/osgi/org.osgi.util.promise/1.1.1/org.osgi.util.promise-1.1.1.jar,/Users/aqute/.m2/repository/org/osgi/org.osgi.util.promise/1.1.1/org.osgi.util.promise-1.1.1.jar"/>
    <property name="user.name" value="aqute"/>
    <property name="launch.bundles" value="/Users/aqute/Ws/apache/felix-dev/configurator/target/org.apache.felix.configurator-1.0.11-SNAPSHOT.jar,/Users/aqute/Ws/apache/felix-dev/workspace/test-configurator/target/test-configurator.jar,/Users/aqute/.m2/repository/org/apache/felix/org.apache.felix.cm.json/1.0.2/org.apache.felix.cm.json-1.0.2.jar,/Users/aqute/.m2/repository/org/apache/felix/org.apache.felix.configadmin/1.9.16/org.apache.felix.configadmin-1.9.16.jar,/Users/aqute/.m2/repository/org/apache/felix/org.apache.felix.converter/1.0.12/org.apache.felix.converter-1.0.12.jar,/Users/aqute/.m2/repository/org/glassfish/javax.json/1.1.4/javax.json-1.1.4.jar,/Users/aqute/.m2/repository/org/osgi/org.osgi.util.promise/1.1.1/org.osgi.util.promise-1.1.1.jar,/Users/aqute/.m2/repository/org/osgi/org.osgi.util.function/1.1.0/org.osgi.util.function-1.1.0.jar,/Users/aqute/.m2/repository/org/apache/felix/org.apache.felix.gogo.runtime/1.1.2/+org.apache.felix.gogo.runtime-1.1.2.jar,/Users/aqute/.m2/repository/org/apache/felix/org.apache.felix.gogo.command/1.1.0/org.apache.felix.gogo.command-1.1.0.jar,/Users/aqute/.m2/repository/org/apache/felix/org.apache.felix.gogo.shell/1.1.2/org.apache.felix.gogo.shell-1.1.2.jar,/Users/aqute/Ws/apache/felix-dev/workspace/test-configurator/org.osgi.test.cases.configurator.jar"/>
    <property name="equinox.use.ds" value="true"/>
    <property name="tester.trace" value="true"/>
    <property name="user.language" value="en"/>
    <property name="sun.boot.library.path" value="/Library/Java/JavaVirtualMachines/zulu-8.jdk/Contents/Home/jre/lib"/>
    <property name="org.osgi.framework.system.capabilities.extra" value="osgi.contract;osgi.contract=JavaJSONP;version:Version=&quot;1.1.0&quot;,osgi.native;osgi.native.osname:List&lt;String&gt;=&quot;MacOSX,Mac OS X&quot;;osgi.native.osversion:Version=&quot;10.15.5&quot;;osgi.native.processor:List&lt;String&gt;=&quot;x86-64,amd64,em64t,x86_64&quot;;osgi.native.language=en_US"/>
    <property name="java.version" value="1.8.0_212"/>
    <property name="user.timezone" value="Europe/Paris"/>
    <property name="launch.framework.restart.count" value="0"/>
    <property name="tester.dir" value="/Users/aqute/Ws/apache/felix-dev/workspace/test-configurator/target/test-reports"/>
    <property name="sun.arch.data.model" value="64"/>
    <property name="tester.unresolved" value="true"/>
    <property name="http.nonProxyHosts" value="local|*.local|169.254/16|*.169.254/16"/>
    <property name="java.endorsed.dirs" value="/Library/Java/JavaVirtualMachines/zulu-8.jdk/Contents/Home/jre/lib/endorsed"/>
    <property name="sun.cpu.isalist" value=""/>
    <property name="sun.jnu.encoding" value="UTF-8"/>
    <property name="file.encoding.pkg" value="sun.io"/>
    <property name="launch.noreferences" value="false"/>
    <property name="org.osgi.framework.storage.clean" value="onFirstInit"/>
    <property name="file.separator" value="/"/>
    <property name="java.specification.name" value="Java Platform API Specification"/>
    <property name="java.class.version" value="52.0"/>
    <property name="user.country" value="US"/>
    <property name="java.home" value="/Library/Java/JavaVirtualMachines/zulu-8.jdk/Contents/Home/jre"/>
    <property name="java.vm.info" value="mixed mode"/>
    <property name="os.version" value="10.15.5"/>
    <property name="path.separator" value=":"/>
    <property name="java.vm.version" value="25.212-b04"/>
    <property name="java.awt.printerjob" value="sun.lwawt.macosx.CPrinterJob"/>
    <property name="sun.io.unicode.encoding" value="UnicodeBig"/>
    <property name="awt.toolkit" value="sun.lwawt.macosx.LWCToolkit"/>
    <property name="socksNonProxyHosts" value="local|*.local|169.254/16|*.169.254/16"/>
    <property name="ftp.nonProxyHosts" value="local|*.local|169.254/16|*.169.254/16"/>
    <property name="user.home" value="/Users/aqute"/>
    <property name="java.specification.vendor" value="Oracle Corporation"/>
    <property name="java.library.path" value="/Users/aqute/Library/Java/Extensions:/Library/Java/Extensions:/Network/Library/Java/Extensions:/System/Library/Java/Extensions:/usr/lib/java:."/>
    <property name="java.vendor.url" value="http://www.azulsystems.com/"/>
    <property name="launch.framework.restart" value="false"/>
    <property name="java.vm.vendor" value="Azul Systems, Inc."/>
    <property name="gopherProxySet" value="false"/>
    <property name="java.runtime.name" value="OpenJDK Runtime Environment"/>
    <property name="tester.port" value="53957"/>
    <property name="sun.java.command" value="aQute.launcher.pre.EmbeddedLauncher"/>
    <property name="java.class.path" value="/Users/aqute/Ws/apache/felix-dev/workspace/cnf/cache/5.2.0/bnd-cache/biz.aQute.launcher/biz.aQute.launcher.pre.jar"/>
    <property name="launch.system.capabilities" value="osgi.contract;osgi.contract=JavaJSONP;version:Version=&quot;1.1.0&quot;,osgi.native;osgi.native.osname:List&lt;String&gt;=&quot;MacOSX,Mac OS X&quot;;osgi.native.osversion:Version=&quot;10.15.5&quot;;osgi.native.processor:List&lt;String&gt;=&quot;x86-64,amd64,em64t,x86_64&quot;;osgi.native.language=en_US"/>
    <property name="launch.name" value="bnd.bnd"/>
    <property name="launch.timeout" value="0"/>
    <property name="launch.keep" value="false"/>
    <property name="java.vm.specification.name" value="Java Virtual Machine Specification"/>
    <property name="java.vm.specification.version" value="1.8"/>
    <property name="sun.cpu.endian" value="little"/>
    <property name="sun.os.patch.level" value="unknown"/>
    <property name="java.io.tmpdir" value="/var/folders/z8/0_lqm23n62s80gq9hwt7zy200000gq/T/"/>
    <property name="java.vendor.url.bug" value="http://www.azulsystems.com/support/"/>
    <property name="launch.activation.eager" value="false"/>
    <property name="java.awt.graphicsenv" value="sun.awt.CGraphicsEnvironment"/>
    <property name="os.arch" value="x86_64"/>
    <property name="java.ext.dirs" value="/Users/aqute/Library/Java/Extensions:/Library/Java/JavaVirtualMachines/zulu-8.jdk/Contents/Home/jre/lib/ext:/Library/Java/Extensions:/Network/Library/Java/Extensions:/System/Library/Java/Extensions:/usr/lib/java"/>
    <property name="user.dir" value="/Users/aqute/Ws/apache/felix-dev/workspace/test-configurator"/>
    <property name="launch.trace" value="true"/>
    <property name="line.separator" value="
"/>
    <property name="java.vm.name" value="OpenJDK 64-Bit Server VM"/>
    <property name="launch.embedded" value="false"/>
    <property name="org.osgi.framework.system.packages.extra" value="org.slf4j.impl;version=&quot;1.7.30&quot;,org.eclipse.core.runtime.adaptor;x-friends:=&quot;org.eclipse.core.runtime&quot;,org.eclipse.core.runtime.internal.adaptor;x-internal:=true,org.eclipse.equinox.log;version=&quot;1.0&quot;;uses:=&quot;org.osgi.framework,org.osgi.service.log&quot;,org.eclipse.osgi.container;version=&quot;1.3&quot;;uses:=&quot;org.eclipse.osgi.report.resolution,  org.osgi.framework.wiring,  org.osgi.framework.startlevel,  org.osgi.framework,  org.osgi.framework.hooks.resolver,  org.osgi.service.resolver,  org.osgi.resource,  org.eclipse.osgi.service.debug&quot;,org.eclipse.osgi.container.builders;version=&quot;1.0&quot;;uses:=&quot;org.eclipse.osgi.util,org.eclipse.osgi.container&quot;,org.eclipse.osgi.container.namespaces;version=&quot;1.0&quot;;uses:=&quot;org.osgi.resource&quot;,org.eclipse.osgi.framework.console;version=&quot;1.1&quot;;uses:=&quot;org.osgi.framework&quot;,org.eclipse.osgi.framework.eventmgr;version=&quot;1.2&quot;,org.eclipse.osgi.framework.internal.reliablefile;x-internal:=true,org.eclipse.osgi.framework.log;version=&quot;1.1&quot;;uses:=&quot;org.osgi.framework&quot;,org.eclipse.osgi.framework.util;x-internal:=true,org.eclipse.osgi.internal.debug;x-internal:=true,org.eclipse.osgi.internal.framework;x-internal:=true,org.eclipse.osgi.internal.hookregistry;x-friends:=&quot;org.eclipse.osgi.tests&quot;,org.eclipse.osgi.internal.loader;x-internal:=true,org.eclipse.osgi.internal.loader.buddy;x-internal:=true,org.eclipse.osgi.internal.loader.classpath;x-internal:=true,org.eclipse.osgi.internal.loader.sources;x-internal:=true,org.eclipse.osgi.internal.location;x-internal:=true,org.eclipse.osgi.internal.messages;x-internal:=true,org.eclipse.osgi.internal.provisional.service.security;version=&quot;1.0.0&quot;;x-friends:=&quot;org.eclipse.equinox.security.ui&quot;,org.eclipse.osgi.internal.provisional.verifier;x-friends:=&quot;org.eclipse.ui.workbench,org.eclipse.equinox.p2.artifact.repository&quot;,org.eclipse.osgi.internal.service.security;x-friends:=&quot;org.eclipse.equinox.security.ui&quot;,org.eclipse.osgi.internal.serviceregistry;x-internal:=true,org.eclipse.osgi.internal.signedcontent;x-internal:=true,org.eclipse.osgi.internal.url;x-internal:=true,org.eclipse.osgi.launch;version=&quot;1.0&quot;;uses:=&quot;org.osgi.framework,org.osgi.framework.launch&quot;,org.eclipse.osgi.report.resolution;version=&quot;1.0&quot;;uses:=&quot;org.osgi.service.resolver,org.osgi.resource&quot;,org.eclipse.osgi.service.datalocation;version=&quot;1.3&quot;,org.eclipse.osgi.service.debug;version=&quot;1.2&quot;,org.eclipse.osgi.service.environment;version=&quot;1.3&quot;,org.eclipse.osgi.service.localization;version=&quot;1.1&quot;;uses:=&quot;org.osgi.framework&quot;,org.eclipse.osgi.service.pluginconversion;version=&quot;1.0&quot;,org.eclipse.osgi.service.resolver;version=&quot;1.6&quot;;uses:=&quot;org.osgi.framework,org.osgi.framework.hooks.resolver,org.osgi.framework.wiring&quot;,org.eclipse.osgi.service.runnable;version=&quot;1.1&quot;,org.eclipse.osgi.service.security;version=&quot;1.0&quot;,org.eclipse.osgi.service.urlconversion;version=&quot;1.0&quot;,org.eclipse.osgi.signedcontent;version=&quot;1.0&quot;;uses:=&quot;org.osgi.framework&quot;,org.eclipse.osgi.storage;x-friends:=&quot;org.eclipse.osgi.tests&quot;,org.eclipse.osgi.storage.bundlefile;x-internal:=true,org.eclipse.osgi.storage.url.reference;x-internal:=true,org.eclipse.osgi.storagemanager;version=&quot;1.0&quot;,org.eclipse.osgi.util;version=&quot;1.1&quot;,org.osgi.dto;version=&quot;1.1&quot;,org.osgi.framework;version=&quot;1.9&quot;,org.osgi.framework.dto;version=&quot;1.8&quot;;uses:=&quot;org.osgi.dto&quot;,org.osgi.framework.hooks.bundle;version=&quot;1.1&quot;;uses:=&quot;org.osgi.framework&quot;,org.osgi.framework.hooks.resolver;version=&quot;1.0&quot;;uses:=&quot;org.osgi.framework.wiring&quot;,org.osgi.framework.hooks.service;version=&quot;1.1&quot;;uses:=&quot;org.osgi.framework&quot;,org.osgi.framework.hooks.weaving;version=&quot;1.1&quot;;uses:=&quot;org.osgi.framework.wiring&quot;,org.osgi.framework.launch;version=&quot;1.2&quot;;uses:=&quot;org.osgi.framework&quot;,org.osgi.framework.namespace;version=&quot;1.1&quot;;uses:=&quot;org.osgi.resource&quot;,org.osgi.framework.startlevel;version=&quot;1.0&quot;;uses:=&quot;org.osgi.framework&quot;,org.osgi.framework.startlevel.dto;version=&quot;1.0&quot;;uses:=&quot;org.osgi.dto&quot;,org.osgi.framework.wiring;version=&quot;1.2&quot;;uses:=&quot;org.osgi.framework,org.osgi.resource&quot;,org.osgi.framework.wiring.dto;version=&quot;1.3&quot;;uses:=&quot;org.osgi.dto,org.osgi.resource.dto&quot;,org.osgi.resource;version=&quot;1.0&quot;,org.osgi.resource.dto;version=&quot;1.0&quot;;uses:=&quot;org.osgi.dto&quot;,org.osgi.service.condpermadmin;version=&quot;1.1.1&quot;;uses:=&quot;org.osgi.framework&quot;,org.osgi.service.log;version=&quot;1.4&quot;;uses:=&quot;org.osgi.framework&quot;,org.osgi.service.log.admin;version=&quot;1.0&quot;;uses:=&quot;org.osgi.service.log&quot;,org.osgi.service.packageadmin;version=&quot;1.2&quot;;uses:=&quot;org.osgi.framework&quot;,org.osgi.service.permissionadmin;version=&quot;1.2&quot;,org.osgi.service.resolver;version=&quot;1.1&quot;;uses:=&quot;org.osgi.resource&quot;,org.osgi.service.startlevel;version=&quot;1.1&quot;;uses:=&quot;org.osgi.framework&quot;,org.osgi.service.url;version=&quot;1.0&quot;,org.osgi.util.tracker;version=&quot;1.5.2&quot;;uses:=&quot;org.osgi.framework&quot;"/>
    <property name="launch.activators" value="aQute.junit.Activator"/>
    <property name="file.encoding" value="UTF-8"/>
    <property name="launch.system.packages" value="org.slf4j.impl;version=&quot;1.7.30&quot;,org.eclipse.core.runtime.adaptor;x-friends:=&quot;org.eclipse.core.runtime&quot;,org.eclipse.core.runtime.internal.adaptor;x-internal:=true,org.eclipse.equinox.log;version=&quot;1.0&quot;;uses:=&quot;org.osgi.framework,org.osgi.service.log&quot;,org.eclipse.osgi.container;version=&quot;1.3&quot;;uses:=&quot;org.eclipse.osgi.report.resolution,  org.osgi.framework.wiring,  org.osgi.framework.startlevel,  org.osgi.framework,  org.osgi.framework.hooks.resolver,  org.osgi.service.resolver,  org.osgi.resource,  org.eclipse.osgi.service.debug&quot;,org.eclipse.osgi.container.builders;version=&quot;1.0&quot;;uses:=&quot;org.eclipse.osgi.util,org.eclipse.osgi.container&quot;,org.eclipse.osgi.container.namespaces;version=&quot;1.0&quot;;uses:=&quot;org.osgi.resource&quot;,org.eclipse.osgi.framework.console;version=&quot;1.1&quot;;uses:=&quot;org.osgi.framework&quot;,org.eclipse.osgi.framework.eventmgr;version=&quot;1.2&quot;,org.eclipse.osgi.framework.internal.reliablefile;x-internal:=true,org.eclipse.osgi.framework.log;version=&quot;1.1&quot;;uses:=&quot;org.osgi.framework&quot;,org.eclipse.osgi.framework.util;x-internal:=true,org.eclipse.osgi.internal.debug;x-internal:=true,org.eclipse.osgi.internal.framework;x-internal:=true,org.eclipse.osgi.internal.hookregistry;x-friends:=&quot;org.eclipse.osgi.tests&quot;,org.eclipse.osgi.internal.loader;x-internal:=true,org.eclipse.osgi.internal.loader.buddy;x-internal:=true,org.eclipse.osgi.internal.loader.classpath;x-internal:=true,org.eclipse.osgi.internal.loader.sources;x-internal:=true,org.eclipse.osgi.internal.location;x-internal:=true,org.eclipse.osgi.internal.messages;x-internal:=true,org.eclipse.osgi.internal.provisional.service.security;version=&quot;1.0.0&quot;;x-friends:=&quot;org.eclipse.equinox.security.ui&quot;,org.eclipse.osgi.internal.provisional.verifier;x-friends:=&quot;org.eclipse.ui.workbench,org.eclipse.equinox.p2.artifact.repository&quot;,org.eclipse.osgi.internal.service.security;x-friends:=&quot;org.eclipse.equinox.security.ui&quot;,org.eclipse.osgi.internal.serviceregistry;x-internal:=true,org.eclipse.osgi.internal.signedcontent;x-internal:=true,org.eclipse.osgi.internal.url;x-internal:=true,org.eclipse.osgi.launch;version=&quot;1.0&quot;;uses:=&quot;org.osgi.framework,org.osgi.framework.launch&quot;,org.eclipse.osgi.report.resolution;version=&quot;1.0&quot;;uses:=&quot;org.osgi.service.resolver,org.osgi.resource&quot;,org.eclipse.osgi.service.datalocation;version=&quot;1.3&quot;,org.eclipse.osgi.service.debug;version=&quot;1.2&quot;,org.eclipse.osgi.service.environment;version=&quot;1.3&quot;,org.eclipse.osgi.service.localization;version=&quot;1.1&quot;;uses:=&quot;org.osgi.framework&quot;,org.eclipse.osgi.service.pluginconversion;version=&quot;1.0&quot;,org.eclipse.osgi.service.resolver;version=&quot;1.6&quot;;uses:=&quot;org.osgi.framework,org.osgi.framework.hooks.resolver,org.osgi.framework.wiring&quot;,org.eclipse.osgi.service.runnable;version=&quot;1.1&quot;,org.eclipse.osgi.service.security;version=&quot;1.0&quot;,org.eclipse.osgi.service.urlconversion;version=&quot;1.0&quot;,org.eclipse.osgi.signedcontent;version=&quot;1.0&quot;;uses:=&quot;org.osgi.framework&quot;,org.eclipse.osgi.storage;x-friends:=&quot;org.eclipse.osgi.tests&quot;,org.eclipse.osgi.storage.bundlefile;x-internal:=true,org.eclipse.osgi.storage.url.reference;x-internal:=true,org.eclipse.osgi.storagemanager;version=&quot;1.0&quot;,org.eclipse.osgi.util;version=&quot;1.1&quot;,org.osgi.dto;version=&quot;1.1&quot;,org.osgi.framework;version=&quot;1.9&quot;,org.osgi.framework.dto;version=&quot;1.8&quot;;uses:=&quot;org.osgi.dto&quot;,org.osgi.framework.hooks.bundle;version=&quot;1.1&quot;;uses:=&quot;org.osgi.framework&quot;,org.osgi.framework.hooks.resolver;version=&quot;1.0&quot;;uses:=&quot;org.osgi.framework.wiring&quot;,org.osgi.framework.hooks.service;version=&quot;1.1&quot;;uses:=&quot;org.osgi.framework&quot;,org.osgi.framework.hooks.weaving;version=&quot;1.1&quot;;uses:=&quot;org.osgi.framework.wiring&quot;,org.osgi.framework.launch;version=&quot;1.2&quot;;uses:=&quot;org.osgi.framework&quot;,org.osgi.framework.namespace;version=&quot;1.1&quot;;uses:=&quot;org.osgi.resource&quot;,org.osgi.framework.startlevel;version=&quot;1.0&quot;;uses:=&quot;org.osgi.framework&quot;,org.osgi.framework.startlevel.dto;version=&quot;1.0&quot;;uses:=&quot;org.osgi.dto&quot;,org.osgi.framework.wiring;version=&quot;1.2&quot;;uses:=&quot;org.osgi.framework,org.osgi.resource&quot;,org.osgi.framework.wiring.dto;version=&quot;1.3&quot;;uses:=&quot;org.osgi.dto,org.osgi.resource.dto&quot;,org.osgi.resource;version=&quot;1.0&quot;,org.osgi.resource.dto;version=&quot;1.0&quot;;uses:=&quot;org.osgi.dto&quot;,org.osgi.service.condpermadmin;version=&quot;1.1.1&quot;;uses:=&quot;org.osgi.framework&quot;,org.osgi.service.log;version=&quot;1.4&quot;;uses:=&quot;org.osgi.framework&quot;,org.osgi.service.log.admin;version=&quot;1.0&quot;;uses:=&quot;org.osgi.service.log&quot;,org.osgi.service.packageadmin;version=&quot;1.2&quot;;uses:=&quot;org.osgi.framework&quot;,org.osgi.service.permissionadmin;version=&quot;1.2&quot;,org.osgi.service.resolver;version=&quot;1.1&quot;;uses:=&quot;org.osgi.resource&quot;,org.osgi.service.startlevel;version=&quot;1.1&quot;;uses:=&quot;org.osgi.framework&quot;,org.osgi.service.url;version=&quot;1.0&quot;,org.osgi.util.tracker;version=&quot;1.5.2&quot;;uses:=&quot;org.osgi.framework&quot;,junit.extensions;version=&quot;3.8.3&quot;;uses:=&quot;junit.framework&quot;,junit.framework;version=&quot;3.8.3&quot;;uses:=&quot;org.junit.runner,org.junit.runner.manipulation,org.junit.runner.notification&quot;,junit.runner;version=&quot;3.8.3&quot;;uses:=&quot;junit.framework&quot;,junit.textui;version=&quot;3.8.3&quot;;uses:=&quot;junit.framework,junit.runner&quot;,org.junit;version=&quot;4.13&quot;;uses:=&quot;org.hamcrest,org.junit.function,org.junit.internal,org.junit.runners&quot;,org.junit.experimental;version=&quot;4.13&quot;;uses:=&quot;org.junit.runner,org.junit.runners.model&quot;,org.junit.experimental.categories;version=&quot;4.13&quot;;uses:=&quot;org.junit.runner,org.junit.runner.manipulation,org.junit.runners,org.junit.runners.model,org.junit.validator&quot;,org.junit.experimental.max;version=&quot;4.13&quot;;uses:=&quot;org.junit.runner,org.junit.runner.notification&quot;,org.junit.experimental.results;version=&quot;4.13&quot;;uses:=&quot;org.hamcrest,org.junit.runner,org.junit.runner.notification&quot;,org.junit.experimental.runners;version=&quot;4.13&quot;;uses:=&quot;org.junit.runners,org.junit.runners.model&quot;,org.junit.experimental.theories;version=&quot;4.13&quot;;uses:=&quot;org.junit.experimental.theories.internal,org.junit.internal,org.junit.runners,org.junit.runners.model&quot;,org.junit.experimental.theories.internal;version=&quot;4.13&quot;;uses:=&quot;org.junit.experimental.theories,org.junit.runners.model&quot;,org.junit.experimental.theories.suppliers;version=&quot;4.13&quot;;uses:=&quot;org.junit.experimental.theories&quot;,org.junit.function;version=&quot;4.13&quot;,org.junit.internal;version=&quot;4.13&quot;;uses:=&quot;org.hamcrest,org.junit.runner,org.junit.runner.notification&quot;,org.junit.internal.builders;version=&quot;4.13&quot;;uses:=&quot;org.junit.runner,org.junit.runner.notification,org.junit.runners.model&quot;,org.junit.internal.management;version=&quot;4.13&quot;,org.junit.internal.matchers;version=&quot;4.13&quot;;uses:=&quot;org.hamcrest&quot;,org.junit.internal.requests;version=&quot;4.13&quot;;uses:=&quot;org.junit.runner,org.junit.runner.manipulation&quot;,org.junit.internal.runners;version=&quot;4.13&quot;;uses:=&quot;junit.framework,org.junit.runner,org.junit.runner.manipulation,org.junit.runner.notification&quot;,org.junit.internal.runners.model;version=&quot;4.13&quot;;uses:=&quot;org.junit.internal,org.junit.runner,org.junit.runner.notification,org.junit.runners.model&quot;,org.junit.internal.runners.rules;version=&quot;4.13&quot;;uses:=&quot;org.junit.runners.model&quot;,org.junit.internal.runners.statements;version=&quot;4.13&quot;;uses:=&quot;org.junit.runners.model&quot;,org.junit.matchers;version=&quot;4.13&quot;;uses:=&quot;org.hamcrest,org.hamcrest.core&quot;,org.junit.rules;version=&quot;4.13&quot;;uses:=&quot;org.hamcrest,org.junit,org.junit.function,org.junit.internal,org.junit.runner,org.junit.runners.model&quot;,org.junit.runner;version=&quot;4.13&quot;;uses:=&quot;junit.framework,org.junit.runner.manipulation,org.junit.runner.notification,org.junit.runners.model,org.junit.validator&quot;,org.junit.runner.manipulation;version=&quot;4.13&quot;;uses:=&quot;org.junit.runner&quot;,org.junit.runner.notification;version=&quot;4.13&quot;;uses:=&quot;org.junit.runner&quot;,org.junit.runners;version=&quot;4.13&quot;;uses:=&quot;org.junit.internal.runners,org.junit.rules,org.junit.runner,org.junit.runner.manipulation,org.junit.runner.notification,org.junit.runners.model,org.junit.runners.parameterized&quot;,org.junit.runners.model;version=&quot;4.13&quot;;uses:=&quot;org.junit.runner&quot;,org.junit.runners.parameterized;version=&quot;4.13&quot;;uses:=&quot;org.junit.runner,org.junit.runner.notification,org.junit.runners,org.junit.runners.model&quot;,org.junit.validator;version=&quot;4.13&quot;;uses:=&quot;org.junit.runners.model&quot;,org.hamcrest;version=&quot;1.3&quot;;uses:=&quot;org.hamcrest.core,org.hamcrest.internal&quot;,org.hamcrest.core;version=&quot;1.3&quot;;uses:=&quot;org.hamcrest&quot;,org.hamcrest.internal;version=&quot;1.3&quot;;uses:=&quot;org.hamcrest&quot;,org.assertj.core.annotations;version=&quot;3.16.1&quot;,org.assertj.core.api;version=&quot;3.16.1&quot;;uses:=&quot;org.assertj.core.api.filter,org.assertj.core.api.iterable,org.assertj.core.api.recursive.comparison,org.assertj.core.condition,org.assertj.core.data,org.assertj.core.description,org.assertj.core.error,org.assertj.core.groups,org.assertj.core.presentation,org.hamcrest,org.junit.rules,org.junit.runner,org.junit.runners.model&quot;,org.assertj.core.api.exception;version=&quot;3.16.1&quot;,org.assertj.core.api.filter;version=&quot;3.16.1&quot;;uses:=&quot;org.assertj.core.api&quot;,org.assertj.core.api.iterable;version=&quot;3.16.1&quot;,org.assertj.core.api.junit.jupiter;version=&quot;3.16.1&quot;,org.assertj.core.api.recursive.comparison;version=&quot;3.16.1&quot;;uses:=&quot;org.assertj.core.presentation&quot;,org.assertj.core.condition;version=&quot;3.16.1&quot;;uses:=&quot;org.assertj.core.api&quot;,org.assertj.core.configuration;version=&quot;3.16.1&quot;;uses:=&quot;org.assertj.core.presentation&quot;,org.assertj.core.data;version=&quot;3.16.1&quot;,org.assertj.core.description;version=&quot;3.16.1&quot;,org.assertj.core.error;version=&quot;3.16.1&quot;;uses:=&quot;org.assertj.core.api,org.assertj.core.api.recursive.comparison,org.assertj.core.data,org.assertj.core.description,org.assertj.core.presentation,org.assertj.core.util.diff&quot;,org.assertj.core.error.future;version=&quot;3.16.1&quot;;uses:=&quot;org.assertj.core.error&quot;,org.assertj.core.error.uri;version=&quot;3.16.1&quot;;uses:=&quot;org.assertj.core.error&quot;,org.assertj.core.extractor;version=&quot;3.16.1&quot;;uses:=&quot;org.assertj.core.groups&quot;,org.assertj.core.groups;version=&quot;3.16.1&quot;,org.assertj.core.matcher;version=&quot;3.16.1&quot;;uses:=&quot;org.hamcrest&quot;,org.assertj.core.presentation;version=&quot;3.16.1&quot;;uses:=&quot;org.assertj.core.data,org.assertj.core.groups&quot;,org.assertj.core.util;version=&quot;3.16.1&quot;;uses:=&quot;org.assertj.core.api.filter,org.assertj.core.presentation&quot;,org.assertj.core.util.diff;version=&quot;3.16.1&quot;,org.assertj.core.util.diff.myers;version=&quot;3.16.1&quot;;uses:=&quot;org.assertj.core.util.diff&quot;,org.assertj.core.util.introspection;version=&quot;3.16.1&quot;,org.assertj.core.util.xml;version=&quot;3.16.1&quot;"/>
    <property name="java.specification.version" value="1.8"/>
  </properties>
  <testcase classname="org.osgi.test.cases.configurator.junit.ConfiguratorInitTestCase" name="testInitialConfigRequiresVersion" time="0.115"/>
  <testcase classname="org.osgi.test.cases.configurator.junit.ConfiguratorInitTestCase" name="testInitialConfigRequiresSymbolicname" time="0.74"/>
  <testcase classname="org.osgi.test.cases.configurator.junit.ConfiguratorInitTestCase" name="testInitialConfigFile" time="0.88"/>
  <testcase classname="org.osgi.test.cases.configurator.junit.ConfiguratorInitTestCase" name="testInitialConfig" time="0.79"/>
  <testcase classname="org.osgi.test.cases.configurator.junit.ConfiguratorTestCase" name="testExplicitDatatypes" time="0.81"/>
  <testcase classname="org.osgi.test.cases.configurator.junit.ConfiguratorTestCase" name="testCollectionsImplicit" time="0.17"/>
  <testcase classname="org.osgi.test.cases.configurator.junit.ConfiguratorTestCase" name="testForceOverwrite2" time="0.61"/>
  <testcase classname="org.osgi.test.cases.configurator.junit.ConfiguratorTestCase" name="testNoRequirement" time="0.3"/>
  <testcase classname="org.osgi.test.cases.configurator.junit.ConfiguratorTestCase" name="testForceOverwrite" time="0.12"/>
  <testcase classname="org.osgi.test.cases.configurator.junit.ConfiguratorTestCase" name="testArraysSpecificBoxed" time="0.50"/>
  <testcase classname="org.osgi.test.cases.configurator.junit.ConfiguratorTestCase" name="testOverwriteRemove" time="0.52"/>
  <testcase classname="org.osgi.test.cases.configurator.junit.ConfiguratorTestCase" name="testConfigNestingForce" time="0.46"/>
  <testcase classname="org.osgi.test.cases.configurator.junit.ConfiguratorTestCase" name="testOverwrite" time="0.24"/>
  <testcase classname="org.osgi.test.cases.configurator.junit.ConfiguratorTestCase" name="testArraysSpecificPrimitive" time="0.41"/>
  <testcase classname="org.osgi.test.cases.configurator.junit.ConfiguratorTestCase" name="testFactoryConfigurations" time="0.43"/>
  <testcase classname="org.osgi.test.cases.configurator.junit.ConfiguratorTestCase" name="testConfigNestingNoForce" time="0.64"/>
  <testcase classname="org.osgi.test.cases.configurator.junit.ConfiguratorTestCase" name="testRanking" time="0.33"/>
  <testcase classname="org.osgi.test.cases.configurator.junit.ConfiguratorTestCase" name="testImplicitDatatypes" time="0.46"/>
  <testcase classname="org.osgi.test.cases.configurator.junit.ConfiguratorTestCase" name="testArraysBasic" time="0.8"/>
  <testcase classname="org.osgi.test.cases.configurator.junit.ConfiguratorTestCase" name="testCollectionsSpecific" time="0.15"/>
  <testcase classname="org.osgi.test.cases.configurator.junit.ConfiguratorTestCase" name="testIgnoreRemove" time="0.46"/>
  <testcase classname="org.osgi.test.cases.configurator.junit.ConfiguratorTestCase" name="testUpdateConfigBundle" time="0.47"/>
  <testcase classname="org.osgi.test.cases.configurator.junit.ConfiguratorTestCase" name="testIgnoreComments" time="0.46"/>
  <testcase classname="org.osgi.test.cases.configurator.junit.ConfiguratorTestCase" name="testBinaries" time="0.19"/>
  <testcase classname="org.osgi.test.cases.configurator.junit.ConfiguratorTestCase" name="testBasicConfigurationLifecycle" time="0.96"/>
  <testcase classname="org.osgi.test.cases.configurator.junit.ConfiguratorTestCase" name="testIgnoreOverwrite" time="0.5"/>
</testsuite>